[debug] [2021-10-28T00:32:40.180Z] ----------------------------------------------------------------------
[debug] [2021-10-28T00:32:40.182Z] Command:       C:\Program Files\nodejs\node.exe C:\Users\eroha\AppData\Roaming\npm\node_modules\firebase-tools\lib\bin\firebase.js init
[debug] [2021-10-28T00:32:40.182Z] CLI Version:   9.21.0
[debug] [2021-10-28T00:32:40.182Z] Platform:      win32
[debug] [2021-10-28T00:32:40.182Z] Node Version:  v14.16.0
[debug] [2021-10-28T00:32:40.183Z] Time:          Wed Oct 27 2021 20:32:40 GMT-0400 (Eastern Daylight Time)
[debug] [2021-10-28T00:32:40.184Z] ----------------------------------------------------------------------
[debug] 
[debug] [2021-10-28T00:32:40.193Z] > command requires scopes: ["email","openid","https://www.googleapis.com/auth/cloudplatformprojects.readonly","https://www.googleapis.com/auth/firebase","https://www.googleapis.com/auth/cloud-platform"]
[debug] [2021-10-28T00:32:40.193Z] > authorizing via signed-in user (erohailu@gmail.com)
[info] 
     ######## #### ########  ######## ########     ###     ######  ########
     ##        ##  ##     ## ##       ##     ##  ##   ##  ##       ##
     ######    ##  ########  ######   ########  #########  ######  ######
     ##        ##  ##    ##  ##       ##     ## ##     ##       ## ##
     ##       #### ##     ## ######## ########  ##     ##  ######  ########

You're about to initialize a Firebase project in this directory:

  C:\Users\eroha\OneDrive\Desktop\Final-projecte\final-project

[info] 
=== Project Setup
[info] 
[info] First, let's associate this project directory with a Firebase project.
[info] You can create multiple project aliases by running firebase use --add, 
[info] but for now we'll just set up a default project.
[info] 
[debug] [2021-10-28T00:33:09.223Z] > refreshing access token with scopes: []
[debug] [2021-10-28T00:33:09.224Z] >>> HTTP REQUEST POST https://www.googleapis.com/oauth2/v3/token  
 <request body omitted>
[debug] [2021-10-28T00:33:09.475Z] <<< HTTP RESPONSE 200 {"date":"Thu, 28 Oct 2021 00:33:08 GMT","cache-control":"no-cache, no-store, max-age=0, must-revalidate","expires":"Mon, 01 Jan 1990 00:00:00 GMT","pragma":"no-cache","content-type":"application/json; charset=utf-8","vary":"X-Origin, Referer, Origin,Accept-Encoding","server":"scaffolding on HTTPServer2","x-xss-protection":"0","x-frame-options":"SAMEORIGIN","x-content-type-options":"nosniff","alt-svc":"h3=\":443\"; ma=2592000,h3-29=\":443\"; ma=2592000,h3-Q050=\":443\"; ma=2592000,h3-Q046=\":443\"; ma=2592000,h3-Q043=\":443\"; ma=2592000,quic=\":443\"; ma=2592000; v=\"46,43\"","accept-ranges":"none","transfer-encoding":"chunked"}
[debug] [2021-10-28T00:33:09.489Z] >>> [apiv2][query] GET https://firebase.googleapis.com/v1beta1/projects pageSize=100
[debug] [2021-10-28T00:33:09.944Z] <<< [apiv2][status] GET https://firebase.googleapis.com/v1beta1/projects 200
[debug] [2021-10-28T00:33:09.945Z] <<< [apiv2][body] GET https://firebase.googleapis.com/v1beta1/projects [omitted]
[info] i  Using project e-commerce-1850e (E-commerce) 
[info] 
=== Hosting Setup
[info] 
[info] Your public directory is the folder (relative to your project directory) that
[info] will contain Hosting assets to be uploaded with firebase deploy. If you
[info] have a build process for your assets, use your build's output directory.
[info] 
[debug] [2021-10-28T00:34:39.051Z] >>> [apiv2][query] GET https://www.gstatic.com/firebasejs/releases.json [none]
[debug] [2021-10-28T00:34:39.171Z] <<< [apiv2][status] GET https://www.gstatic.com/firebasejs/releases.json 200
[debug] [2021-10-28T00:34:39.171Z] <<< [apiv2][body] GET https://www.gstatic.com/firebasejs/releases.json {"current":{"version":"9.1.3","browserURL":"https://www.gstatic.com/firebasejs/9.1.3/firebase.js","packageURL":"https://www.gstatic.com/firebasejs/9.1.3/firebase.tgz"},"live":{"version":"9.1","browserURL":"https://www.gstatic.com/firebasejs/live/9.1/firebase.js","packageURL":"https://www.gstatic.com/firebasejs/live/9.1/firebase.tgz"},"components":{"analytics":"https://www.gstatic.com/firebasejs/9.1.3/firebase-analytics.js","app":"https://www.gstatic.com/firebasejs/9.1.3/firebase-app.js","app-check":"https://www.gstatic.com/firebasejs/9.1.3/firebase-app-check.js","auth":"https://www.gstatic.com/firebasejs/9.1.3/firebase-auth.js","auth/cordova":"https://www.gstatic.com/firebasejs/9.1.3/firebase-auth/cordova.js","auth/react-native":"https://www.gstatic.com/firebasejs/9.1.3/firebase-auth/react-native.js","functions":"https://www.gstatic.com/firebasejs/9.1.3/firebase-functions.js","firestore":"https://www.gstatic.com/firebasejs/9.1.3/firebase-firestore.js","firestore/lite":"https://www.gstatic.com/firebasejs/9.1.3/firebase-firestore/lite.js","storage":"https://www.gstatic.com/firebasejs/9.1.3/firebase-storage.js","performance":"https://www.gstatic.com/firebasejs/9.1.3/firebase-performance.js","remote-config":"https://www.gstatic.com/firebasejs/9.1.3/firebase-remote-config.js","messaging":"https://www.gstatic.com/firebasejs/9.1.3/firebase-messaging.js","messaging/sw":"https://www.gstatic.com/firebasejs/9.1.3/firebase-messaging/sw.js","database":"https://www.gstatic.com/firebasejs/9.1.3/firebase-database.js","firestore.memory":"https://www.gstatic.com/firebasejs/9.1.3/firebase-firestore.memory.js"}}
[info] +  Wrote build/index.html 
[info] 
[info] i  Detected a .git folder at C:\Users\eroha\OneDrive\Desktop\Final-projecte\final-project 
[info] i  Authorizing with GitHub to upload your service account to a GitHub repository's secrets store. 
[info] 
[info] Visit this URL on this device to log in:
[info] https://github.com/login/oauth/authorize?client_id=89cf50f02ac6aaed3484&state=93059512&redirect_uri=http%3A%2F%2Flocalhost%3A9005&scope=read%3Auser%20repo%20public_repo
[info] 
[info] Waiting for authentication...
[debug] [2021-10-28T00:34:55.512Z] >>> HTTP REQUEST POST https://github.com/login/oauth/access_token  
 {"client_id":"89cf50f02ac6aaed3484","client_secret":"3330d14abc895d9a74d5f17cd7a00711fa2c5bf0","code":"2f3f438e08627a188a8b","redirect_uri":"http://localhost:9005","state":"93059512"}
[debug] [2021-10-28T00:34:55.685Z] <<< HTTP RESPONSE 200 {"server":"GitHub.com","date":"Thu, 28 Oct 2021 00:34:54 GMT","content-type":"application/json; charset=utf-8","transfer-encoding":"chunked","vary":"X-PJAX, X-PJAX-Container, Accept-Encoding, Accept, X-Requested-With","permissions-policy":"interest-cohort=()","etag":"W/\"8b9301766920f4dc7ab7a48043d90854\"","cache-control":"max-age=0, private, must-revalidate","strict-transport-security":"max-age=31536000; includeSubdomains; preload","x-frame-options":"deny","x-content-type-options":"nosniff","x-xss-protection":"0","referrer-policy":"origin-when-cross-origin, strict-origin-when-cross-origin","expect-ct":"max-age=2592000, report-uri=\"https://api.github.com/_private/browser/errors\"","content-security-policy":"default-src 'none'; base-uri 'self'; block-all-mixed-content; child-src github.com/assets-cdn/worker/ gist.github.com/assets-cdn/worker/; connect-src 'self' uploads.github.com objects-origin.githubusercontent.com www.githubstatus.com collector.githubapp.com api.github.com github-cloud.s3.amazonaws.com github-production-repository-file-5c1aeb.s3.amazonaws.com github-production-upload-manifest-file-7fdce7.s3.amazonaws.com github-production-user-asset-6210df.s3.amazonaws.com cdn.optimizely.com logx.optimizely.com/v1/events translator.github.com wss://alive.github.com; font-src github.githubassets.com; form-action 'self' github.com gist.github.com objects-origin.githubusercontent.com; frame-ancestors 'none'; frame-src render.githubusercontent.com viewscreen.githubusercontent.com notebooks.githubusercontent.com; img-src 'self' data: github.githubassets.com identicons.github.com collector.githubapp.com github-cloud.s3.amazonaws.com secured-user-images.githubusercontent.com/ *.githubusercontent.com; manifest-src 'self'; media-src github.com user-images.githubusercontent.com/; script-src github.githubassets.com; style-src 'unsafe-inline' github.githubassets.com; worker-src github.com/assets-cdn/worker/ gist.github.com/assets-cdn/worker/","x-github-request-id":"ECF7:24EF:814D90:DAEBD4:6179F02E"}
[debug] [2021-10-28T00:34:55.692Z] >>> [apiv2][query] GET https://api.github.com/user [none]
[debug] [2021-10-28T00:34:55.899Z] <<< [apiv2][status] GET https://api.github.com/user 200
[debug] [2021-10-28T00:34:55.900Z] <<< [apiv2][body] GET https://api.github.com/user {"login":"Ermiass","id":81546724,"node_id":"MDQ6VXNlcjgxNTQ2NzI0","avatar_url":"https://avatars.githubusercontent.com/u/81546724?v=4","gravatar_id":"","url":"https://api.github.com/users/Ermiass","html_url":"https://github.com/Ermiass","followers_url":"https://api.github.com/users/Ermiass/followers","following_url":"https://api.github.com/users/Ermiass/following{/other_user}","gists_url":"https://api.github.com/users/Ermiass/gists{/gist_id}","starred_url":"https://api.github.com/users/Ermiass/starred{/owner}{/repo}","subscriptions_url":"https://api.github.com/users/Ermiass/subscriptions","organizations_url":"https://api.github.com/users/Ermiass/orgs","repos_url":"https://api.github.com/users/Ermiass/repos","events_url":"https://api.github.com/users/Ermiass/events{/privacy}","received_events_url":"https://api.github.com/users/Ermiass/received_events","type":"User","site_admin":false,"name":null,"company":null,"blog":"","location":null,"email":null,"hireable":null,"bio":null,"twitter_username":null,"public_repos":8,"public_gists":0,"followers":1,"following":2,"created_at":"2021-03-29T03:57:48Z","updated_at":"2021-05-25T06:54:22Z","private_gists":0,"total_private_repos":0,"owned_private_repos":0,"disk_usage":1,"collaborators":0,"two_factor_authentication":false,"plan":{"name":"free","space":976562499,"collaborators":0,"private_repos":10000}}
[info] 
[info] +  Success! Logged into GitHub as Ermiass 
[info] 
[debug] [2021-10-28T00:35:50.309Z] >>> [apiv2][query] GET https://api.github.com/repos/E-Commerce/actions/secrets/public-key type=owner
[debug] [2021-10-28T00:35:50.456Z] <<< [apiv2][status] GET https://api.github.com/repos/E-Commerce/actions/secrets/public-key 404
[debug] [2021-10-28T00:35:50.456Z] <<< [apiv2][body] GET https://api.github.com/repos/E-Commerce/actions/secrets/public-key {"message":"Not Found","documentation_url":"https://docs.github.com/rest"}
[debug] [2021-10-28T00:36:18.356Z] >>> [apiv2][query] GET https://api.github.com/repos/Ermias/E-Commerce/actions/secrets/public-key type=owner
[debug] [2021-10-28T00:36:18.494Z] <<< [apiv2][status] GET https://api.github.com/repos/Ermias/E-Commerce/actions/secrets/public-key 404
[debug] [2021-10-28T00:36:18.494Z] <<< [apiv2][body] GET https://api.github.com/repos/Ermias/E-Commerce/actions/secrets/public-key {"message":"Not Found","documentation_url":"https://docs.github.com/rest/reference/actions#get-a-repository-public-key"}
[debug] [2021-10-28T00:36:52.449Z] >>> [apiv2][query] GET https://api.github.com/repos/https://github.com/Ermiass/E-Commerce-.git/actions/secrets/public-key type=owner
[debug] [2021-10-28T00:36:52.566Z] <<< [apiv2][status] GET https://api.github.com/repos/https://github.com/Ermiass/E-Commerce-.git/actions/secrets/public-key 404
[debug] [2021-10-28T00:36:52.566Z] <<< [apiv2][body] GET https://api.github.com/repos/https://github.com/Ermiass/E-Commerce-.git/actions/secrets/public-key {"message":"Not Found","documentation_url":"https://docs.github.com/rest"}
[debug] [2021-10-28T00:39:43.516Z] >>> [apiv2][query] GET https://api.github.com/repos/Ermias/E-Commerce/actions/secrets/public-key type=owner
[debug] [2021-10-28T00:39:43.765Z] <<< [apiv2][status] GET https://api.github.com/repos/Ermias/E-Commerce/actions/secrets/public-key 404
[debug] [2021-10-28T00:39:43.765Z] <<< [apiv2][body] GET https://api.github.com/repos/Ermias/E-Commerce/actions/secrets/public-key {"message":"Not Found","documentation_url":"https://docs.github.com/rest/reference/actions#get-a-repository-public-key"}
[debug] [2021-10-28T00:40:02.810Z] >>> [apiv2][query] GET https://api.github.com/repos/npm run build/actions/secrets/public-key type=owner
[debug] [2021-10-28T00:40:02.994Z] <<< [apiv2][status] GET https://api.github.com/repos/npm run build/actions/secrets/public-key 404
[debug] [2021-10-28T00:40:02.994Z] <<< [apiv2][body] GET https://api.github.com/repos/npm run build/actions/secrets/public-key {"message":"Not Found","documentation_url":"https://docs.github.com/rest"}
[debug] [2021-10-28T00:41:27.998Z] >>> [apiv2][query] GET https://api.github.com/repos/https://github.com/Ermiass/E-Commerce-.gi/actions/secrets/public-key type=owner
[debug] [2021-10-28T00:41:28.113Z] <<< [apiv2][status] GET https://api.github.com/repos/https://github.com/Ermiass/E-Commerce-.gi/actions/secrets/public-key 404
[debug] [2021-10-28T00:41:28.113Z] <<< [apiv2][body] GET https://api.github.com/repos/https://github.com/Ermiass/E-Commerce-.gi/actions/secrets/public-key {"message":"Not Found","documentation_url":"https://docs.github.com/rest"}
